Y2Down/proguard/seeds.txt
com.angcyo.y2down.BaseActivity
com.angcyo.y2down.BaseActivity: BaseActivity()
com.angcyo.y2down.BaseApp
com.angcyo.y2down.BaseApp: BaseApp()
com.angcyo.y2down.MainActivity
com.angcyo.y2down.MainActivity: MainActivity()
...
android.support.v4.content.WakefulBroadcastReceiver
android.support.v4.media.MediaMetadataCompat
android.support.v4.media.MediaMetadataCompat: android.os.Parcelable$Creator CREATOR
android.support.v4.media.RatingCompat
android.support.v4.media.RatingCompat: android.os.Parcelable$Creator CREATOR
android.support.v4.media.session.MediaSessionCompat$Token
android.support.v4.media.session.MediaSessionCompat$Token: android.os.Parcelable$Creator CREATOR
android.support.v4.media.session.PlaybackStateCompat
android.support.v4.media.session.PlaybackStateCompat: android.os.Parcelable$Creator CREATOR
android.support.v4.view.PagerTabStrip
android.support.v4.view.PagerTabStrip: PagerTabStrip(android.content.Context,android.util.AttributeSet)
android.support.v4.view.PagerTitleStrip
android.support.v4.view.PagerTitleStrip: PagerTitleStrip(android.content.Context,android.util.AttributeSet)
android.support.v4.view.ViewPager
android.support.v4.view.ViewPager: ViewPager(android.content.Context,android.util.AttributeSet)
android.support.v4.view.ViewPager$LayoutParams
android.support.v4.view.ViewPager$LayoutParams: ViewPager$LayoutParams(android.content.Context,android.util.AttributeSet)
android.support.v4.view.ViewPager$SavedState
android.support.v4.view.ViewPager$SavedState: android.os.Parcelable$Creator CREATOR
android.support.v4.widget.ContentLoadingProgressBar
android.support.v4.widget.ContentLoadingProgressBar: ContentLoadingProgressBar(android.content.Context,android.util.AttributeSet)
android.support.v4.widget.DrawerLayout
android.support.v4.widget.DrawerLayout: DrawerLayout(android.content.Context,android.util.AttributeSet)
android.support.v4.widget.DrawerLayout: DrawerLayout(android.content.Context,android.util.AttributeSet,int)
android.support.v4.widget.DrawerLayout$LayoutParams
android.support.v4.widget.DrawerLayout$LayoutParams: DrawerLayout$LayoutParams(android.content.Context,android.util.AttributeSet)
android.support.v4.widget.DrawerLayout$SavedState
android.support.v4.widget.DrawerLayout$SavedState: android.os.Parcelable$Creator CREATOR
android.support.v4.widget.SlidingPaneLayout
android.support.v4.widget.SlidingPaneLayout: SlidingPaneLayout(android.content.Context,android.util.AttributeSet)
android.support.v4.widget.SlidingPaneLayout: SlidingPaneLayout(android.content.Context,android.util.AttributeSet,int)
android.support.v4.widget.SlidingPaneLayout$LayoutParams
android.support.v4.widget.SlidingPaneLayout$LayoutParams: SlidingPaneLayout$LayoutParams(android.content.Context,android.util.AttributeSet)
android.support.v4.widget.SlidingPaneLayout$SavedState
android.support.v4.widget.SlidingPaneLayout$SavedState: android.os.Parcelable$Creator CREATOR
android.support.v4.widget.SwipeRefreshLayout
android.support.v4.widget.SwipeRefreshLayout: SwipeRefreshLayout(android.content.Context,android.util.AttributeSet)
com.angcyo.service.BaseService
com.angcyo.service.BaseService: BaseService()
com.angcyo.service.DataService
com.angcyo.service.DataService: DataService()
com.angcyo.view.BadgeView
com.angcyo.view.BadgeView: BadgeView(android.content.Context,android.util.AttributeSet)
com.angcyo.view.BadgeView: BadgeView(android.content.Context,android.util.AttributeSet,int)
com.angcyo.view.FlatButton
com.angcyo.view.FlatButton: FlatButton(android.content.Context,android.util.AttributeSet,int)
com.angcyo.view.FlatButton: FlatButton(android.content.Context,android.util.AttributeSet)
com.angcyo.view.FlatButton: FlatButton(android.content.Context)
com.angcyo.view.GenerateProcessButton
com.angcyo.view.GenerateProcessButton: GenerateProcessButton(android.content.Context)
com.angcyo.view.GenerateProcessButton: GenerateProcessButton(android.content.Context,android.util.AttributeSet)
com.angcyo.view.GenerateProcessButton: GenerateProcessButton(android.content.Context,android.util.AttributeSet,int)