Y2Down/proguard/mapping.txt
com.angcyo.y2down.BaseActivity -> com.angcyo.y2down.BaseActivity:
    void onActivityResult(int,int,android.content.Intent) -> onActivityResult
    void onAttachFragment$65850823() -> c
    void onBackPressed() -> onBackPressed
    void onDestroy() -> onDestroy
    boolean onKeyDown(int,android.view.KeyEvent) -> onKeyDown
    com.angcyo.y2down.BaseApp getApp() -> e
    void access$0(com.angcyo.y2down.BaseActivity) -> a
com.angcyo.y2down.BaseActivity$1 -> com.angcyo.y2down.a:
    com.angcyo.y2down.BaseActivity this$0 -> a
    void onClick(com.example.sweetdialoglib.SweetAlertDialog) -> a
com.angcyo.y2down.BaseActivity$1$1 -> com.angcyo.y2down.b:
    com.angcyo.y2down.BaseActivity$1 this$1 -> a
    com.example.sweetdialoglib.SweetAlertDialog val$arg0 -> b
    void onTick(long) -> onTick
    void onFinish() -> onFinish
com.angcyo.y2down.BaseApp -> com.angcyo.y2down.BaseApp:
    long dataNum -> a
    java.util.List listItem -> c
    java.util.List list -> d
    com.angcyo.y2down.BaseApp app -> b
    void onCreate() -> onCreate
    java.util.List getListItem() -> a
    java.util.List getList() -> b
    void setList(java.util.List) -> a
    boolean copyfile(java.io.File,java.io.File,java.lang.Boolean) -> a
com.angcyo.y2down.MainActivity -> com.angcyo.y2down.MainActivity:
    android.support.v4.app.FragmentManager fm -> n
    void onCreate(android.os.Bundle) -> onCreate
    void onAddUrl(java.lang.String) -> a_
com.angcyo.y2down.R -> com.angcyo.y2down.c:
com.angcyo.y2down.R$styleable -> com.angcyo.y2down.d:
    int[] ActionBar -> a
    int[] ActionBarLayout -> b
    int[] ActionBarWindow -> c
    int[] ActionMenuItemView -> d
    int[] ActionMenuView -> e
    int[] ActionMode -> f
    int[] ActivityChooserView -> g
    int[] CompatTextView -> h
    int[] FlatButton -> i
    int[] LinearLayoutICS -> j
    int[] MenuGroup -> k
    int[] MenuItem -> l
    int[] MenuView -> m
    int[] ProcessButton -> n
    int[] ProgressWheel -> o
    int[] RippleBackground -> p
    int[] Rotate3dAnimation -> q
    int[] RoundedImageView -> r
    int[] SearchView -> s
    int[] Spinner -> t
    int[] Theme -> u
    int[] View -> v
...
com.squareup.picasso.Action -> com.c.a.a:
    com.squareup.picasso.Picasso picasso -> a
    com.squareup.picasso.Request request -> b
    java.lang.ref.WeakReference target -> c
    boolean skipCache -> d
    boolean noFade -> e
    int errorResId -> f
    android.graphics.drawable.Drawable errorDrawable -> g
    java.lang.String key -> h
    java.lang.Object tag -> i
    boolean willReplay -> j
    boolean cancelled -> k
    void complete(android.graphics.Bitmap,com.squareup.picasso.Picasso$LoadedFrom) -> a
    void error() -> a
    void cancel() -> b
    java.lang.Object getTarget() -> c
com.squareup.picasso.Action$RequestWeakReference -> com.c.a.b:
    com.squareup.picasso.Action action -> a
com.squareup.picasso.AssetRequestHandler -> com.c.a.c:
    int ASSET_PREFIX_LENGTH -> a
    android.content.res.AssetManager assetManager -> b
    boolean canHandleRequest(com.squareup.picasso.Request) -> a
    com.squareup.picasso.RequestHandler$Result load(com.squareup.picasso.Request) -> b
    android.graphics.Bitmap decodeAsset(com.squareup.picasso.Request,java.lang.String) -> a
com.squareup.picasso.BitmapHunter -> com.c.a.d:
    java.lang.Object DECODE_LOCK -> s
    java.lang.ThreadLocal NAME_BUILDER -> t
    java.util.concurrent.atomic.AtomicInteger SEQUENCE_GENERATOR -> u
    com.squareup.picasso.RequestHandler ERRORING_HANDLER -> v
    int sequence -> a
    com.squareup.picasso.Picasso picasso -> b
    com.squareup.picasso.Dispatcher dispatcher -> c
    com.squareup.picasso.Cache cache -> d
    com.squareup.picasso.Stats stats -> e
    java.lang.String key -> f
    com.squareup.picasso.Request data -> g
    boolean skipMemoryCache -> h
    com.squareup.picasso.RequestHandler requestHandler -> i
    com.squareup.picasso.Action action -> j
    java.util.List actions -> k
    android.graphics.Bitmap result -> l
    java.util.concurrent.Future future -> m
    com.squareup.picasso.Picasso$LoadedFrom loadedFrom -> n
    java.lang.Exception exception -> o
    int exifRotation -> p
    int retryCount -> q
    com.squareup.picasso.Picasso$Priority priority -> r
    void run() -> run
    android.graphics.Bitmap hunt() -> n
    void attach(com.squareup.picasso.Action) -> a
    void detach(com.squareup.picasso.Action) -> b
    boolean cancel() -> a
    boolean isCancelled() -> b
    boolean shouldSkipMemoryCache() -> c
    boolean shouldRetry$552f0f64(android.net.NetworkInfo) -> a
    boolean supportsReplay() -> d
    android.graphics.Bitmap getResult() -> e
    java.lang.String getKey() -> f
com.squareup.picasso.BitmapHunter$1 -> com.c.a.e:
    java.lang.Object initialValue() -> initialValue
com.squareup.picasso.BitmapHunter$2 -> com.c.a.f:
    boolean canHandleRequest(com.squareup.picasso.Request) -> a
    com.squareup.picasso.RequestHandler$Result load(com.squareup.picasso.Request) -> b
com.squareup.picasso.BitmapHunter$3 -> com.c.a.g:
    com.squareup.picasso.Transformation val$transformation -> a
    java.lang.RuntimeException val$e -> b
    void run() -> run
com.squareup.picasso.BitmapHunter$4 -> com.c.a.h:
    java.lang.StringBuilder val$builder -> a
    void run() -> run
com.squareup.picasso.BitmapHunter$5 -> com.c.a.i:
    com.squareup.picasso.Transformation val$transformation -> a
    void run() -> run
com.squareup.picasso.BitmapHunter$6 -> com.c.a.j:
    com.squareup.picasso.Transformation val$transformation -> a
    void run() -> run
com.squareup.picasso.Cache -> com.c.a.k:
    com.squareup.picasso.Cache NONE -> a
    android.graphics.Bitmap get(java.lang.String) -> a
    void set(java.lang.String,android.graphics.Bitmap) -> a
    int size() -> a
    int maxSize() -> b
com.squareup.picasso.Cache$1 -> com.c.a.l:
    android.graphics.Bitmap get(java.lang.String) -> a
    void set(java.lang.String,android.graphics.Bitmap) -> a
    int size() -> a
    int maxSize() -> b
com.squareup.picasso.Callback -> com.c.a.m: