Y2Down/proguard/usage.txt
com.angcyo.y2down.BaseApp:
    47:48:public void setListItem(java.util.List)
    81:86:public void cleanAllData()
com.angcyo.y2down.BuildConfig
com.angcyo.y2down.R:
    10:10:public R()
com.angcyo.y2down.R$anim
com.angcyo.y2down.R$attr
com.angcyo.y2down.R$bool
com.angcyo.y2down.R$color
com.angcyo.y2down.R$dimen
com.angcyo.y2down.R$drawable
com.angcyo.y2down.R$id
com.angcyo.y2down.R$integer
com.angcyo.y2down.R$layout
com.angcyo.y2down.R$string
com.angcyo.y2down.R$style
com.angcyo.y2down.R$styleable:
    public static final int ActionBar_background
    public static final int ActionBar_backgroundSplit
    public static final int ActionBar_backgroundStacked
    public static final int ActionBar_customNavigationLayout
    public static final int ActionBar_displayOptions
    public static final int ActionBar_divider
    public static final int ActionBar_height
    public static final int ActionBar_homeLayout
    public static final int ActionBar_icon
    public static final int ActionBar_indeterminateProgressStyle
    public static final int ActionBar_itemPadding
    public static final int ActionBar_logo
    public static final int ActionBar_navigationMode
    public static final int ActionBar_progressBarPadding
    public static final int ActionBar_progressBarStyle
    public static final int ActionBar_subtitle
    public static final int ActionBar_subtitleTextStyle
    public static final int ActionBar_title
    public static final int ActionBar_titleTextStyle
    public static final int ActionBarLayout_android_layout_gravity
    public static final int ActionBarWindow_windowActionBar
    public static final int ActionBarWindow_windowActionBarOverlay
    public static final int ActionBarWindow_windowFixedHeightMajor
    public static final int ActionBarWindow_windowFixedHeightMinor
    public static final int ActionBarWindow_windowFixedWidthMajor
    public static final int ActionBarWindow_windowFixedWidthMinor
...
android.support.v4.media.routing.MediaRouterJellybean$RouteGroup
android.support.v4.media.routing.MediaRouterJellybean$RouteInfo
android.support.v4.media.routing.MediaRouterJellybean$SelectRouteWorkaround
android.support.v4.media.routing.MediaRouterJellybean$UserRouteInfo
android.support.v4.media.routing.MediaRouterJellybean$VolumeCallback
android.support.v4.media.routing.MediaRouterJellybean$VolumeCallbackProxy
android.support.v4.media.routing.MediaRouterJellybeanMr1
android.support.v4.media.routing.MediaRouterJellybeanMr1$ActiveScanWorkaround
android.support.v4.media.routing.MediaRouterJellybeanMr1$Callback
android.support.v4.media.routing.MediaRouterJellybeanMr1$CallbackProxy
android.support.v4.media.routing.MediaRouterJellybeanMr1$IsConnectingWorkaround
android.support.v4.media.routing.MediaRouterJellybeanMr1$RouteInfo
android.support.v4.media.routing.MediaRouterJellybeanMr2
android.support.v4.media.routing.MediaRouterJellybeanMr2$RouteInfo
android.support.v4.media.routing.MediaRouterJellybeanMr2$UserRouteInfo
android.support.v4.media.session.MediaControllerCompat
android.support.v4.media.session.MediaControllerCompat$1
android.support.v4.media.session.MediaControllerCompat$Callback
android.support.v4.media.session.MediaControllerCompat$Callback$StubApi21
android.support.v4.media.session.MediaControllerCompat$MediaControllerImpl
android.support.v4.media.session.MediaControllerCompat$MediaControllerImplApi21
android.support.v4.media.session.MediaControllerCompat$MediaControllerImplBase
android.support.v4.media.session.MediaControllerCompat$PlaybackInfo
android.support.v4.media.session.MediaControllerCompat$TransportControls
android.support.v4.media.session.MediaControllerCompat$TransportControlsApi21
android.support.v4.media.session.MediaControllerCompatApi21
android.support.v4.media.session.MediaControllerCompatApi21$Callback
android.support.v4.media.session.MediaControllerCompatApi21$CallbackProxy
android.support.v4.media.session.MediaControllerCompatApi21$PlaybackInfo
android.support.v4.media.session.MediaControllerCompatApi21$TransportControls
android.support.v4.media.session.MediaSessionCompat:
    private final android.support.v4.media.session.MediaSessionCompat$MediaSessionImpl mImpl
    public static final int FLAG_HANDLES_MEDIA_BUTTONS
    public static final int FLAG_HANDLES_TRANSPORT_CONTROLS
    79:92:public MediaSessionCompat(android.content.Context,java.lang.String)
    94:96:private MediaSessionCompat(android.support.v4.media.session.MediaSessionCompat$MediaSessionImpl)
    106:107:public void setCallback(android.support.v4.media.session.MediaSessionCompat$Callback)
    118:119:public void setCallback(android.support.v4.media.session.MediaSessionCompat$Callback,android.os.Handler)
    127:128:public void setFlags(int)
    141:142:public void setPlaybackToLocal(int)
    155:159:public void setPlaybackToRemote(android.support.v4.media.VolumeProviderCompat)
    170:171:public void setActive(boolean)
    179:179:public boolean isActive()
    191:195:public void sendSessionEvent(java.lang.String,android.os.Bundle)
    203:204:public void release()
    215:215:public android.support.v4.media.session.MediaSessionCompat$Token getSessionToken()
    224:225:public void setPlaybackState(android.support.v4.media.session.PlaybackStateCompat)
    234:235:public void setMetadata(android.support.v4.media.MediaMetadataCompat)
    247:247:public java.lang.Object getMediaSession()
    258:258:public static android.support.v4.media.session.MediaSessionCompat obtain(java.lang.Object)
android.support.v4.media.session.MediaSessionCompat$1
android.support.v4.media.session.MediaSessionCompat$Callback
android.support.v4.media.session.MediaSessionCompat$Callback$StubApi21
android.support.v4.media.session.MediaSessionCompat$MediaSessionImpl
android.support.v4.media.session.MediaSessionCompat$MediaSessionImplApi21